TN:
SF:apis/constants.ts
FNF:0
FNH:0
DA:4,12
LF:1
LH:1
BRF:0
BRH:0
end_of_record
TN:
SF:apis/endpoint.ts
FNF:0
FNH:0
DA:2,17
DA:3,17
DA:4,17
DA:6,17
LF:4
LH:4
BRF:0
BRH:0
end_of_record
TN:
SF:apis/hooks/authHooks.ts
FN:4,useLogin
FNF:1
FNH:1
FNDA:49,useLogin
DA:5,49
LF:1
LH:1
BRF:0
BRH:0
end_of_record
TN:
SF:apis/hooks/balanceInformationHooks.ts
FN:4,useGetBalanceInformation
FN:5,(anonymous_1)
FNF:2
FNH:2
FNDA:6,useGetBalanceInformation
FNDA:3,(anonymous_1)
DA:5,6
LF:1
LH:1
BRF:0
BRH:0
end_of_record
TN:
SF:apis/hooks/detailBookingHooks.ts
FN:8,useGetDetailBooking
FN:14,(anonymous_1)
FN:19,useConfirmBooking
FNF:3
FNH:3
FNDA:34,useGetDetailBooking
FNDA:10,(anonymous_1)
FNDA:34,useConfirmBooking
DA:12,34
DA:14,10
DA:20,34
LF:3
LH:3
BRF:0
BRH:0
end_of_record
TN:
SF:apis/hooks/detailTransactionHistoryHooks.ts
FN:7,useGetDetailTransactionHistory
FN:13,(anonymous_1)
FNF:2
FNH:2
FNDA:2,useGetDetailTransactionHistory
FNDA:1,(anonymous_1)
DA:11,2
DA:13,1
LF:2
LH:2
BRF:0
BRH:0
end_of_record
TN:
SF:apis/hooks/itemsHooks.ts
FN:8,useGetListItems
FN:9,(anonymous_1)
FN:12,useDeleteItem
FNF:3
FNH:3
FNDA:40,useGetListItems
FNDA:13,(anonymous_1)
FNDA:40,useDeleteItem
DA:9,40
DA:13,40
LF:2
LH:2
BRF:0
BRH:0
end_of_record
TN:
SF:apis/hooks/listBookingHooks.ts
FN:7,useGetListBooking
FN:8,(anonymous_1)
FNF:2
FNH:2
FNDA:47,useGetListBooking
FNDA:16,(anonymous_1)
DA:8,47
LF:1
LH:1
BRF:0
BRH:0
end_of_record
TN:
SF:apis/services/authService.tsx
FN:12,(anonymous_0)
FNF:1
FNH:1
FNDA:4,(anonymous_0)
DA:12,3
DA:13,4
DA:18,4
DA:21,4
LF:4
LH:4
BRF:0
BRH:0
end_of_record
TN:
SF:apis/services/balanceInformationService.ts
FN:5,(anonymous_0)
FNF:1
FNH:1
FNDA:3,(anonymous_0)
DA:5,1
DA:6,3
DA:12,3
LF:3
LH:3
BRF:0
BRH:0
end_of_record
TN:
SF:apis/services/detailBookingService.ts
FN:10,(anonymous_0)
FN:25,(anonymous_1)
FNF:2
FNH:2
FNDA:11,(anonymous_0)
FNDA:3,(anonymous_1)
DA:10,4
DA:11,11
DA:17,11
DA:25,4
DA:29,3
DA:32,3
DA:35,3
LF:7
LH:7
BRF:0
BRH:0
end_of_record
TN:
SF:apis/services/detailTransactionHistoryService.ts
FN:10,(anonymous_0)
FNF:1
FNH:1
FNDA:2,(anonymous_0)
DA:10,2
DA:11,2
DA:17,2
LF:3
LH:3
BRF:0
BRH:0
end_of_record
TN:
SF:apis/services/itemsService.ts
FN:10,(anonymous_0)
FN:25,(anonymous_1)
FNF:2
FNH:2
FNDA:14,(anonymous_0)
FNDA:2,(anonymous_1)
DA:10,4
DA:11,14
DA:18,14
DA:25,4
DA:26,2
DA:32,2
LF:6
LH:6
BRF:0
BRH:0
end_of_record
TN:
SF:apis/services/listBookingService.ts
FN:11,(anonymous_0)
FNF:1
FNH:1
FNDA:17,(anonymous_0)
DA:11,3
DA:12,17
DA:19,17
LF:3
LH:3
BRF:0
BRH:0
end_of_record
TN:
SF:components/Auth/LoginForm.tsx
FN:13,(anonymous_0)
FN:36,(anonymous_1)
FN:46,(anonymous_2)
FN:52,(anonymous_3)
FN:55,(anonymous_4)
FN:61,(anonymous_5)
FN:63,(anonymous_6)
FN:78,(anonymous_7)
FNF:8
FNH:8
FNDA:49,(anonymous_0)
FNDA:10,(anonymous_1)
FNDA:22,(anonymous_2)
FNDA:23,(anonymous_3)
FNDA:13,(anonymous_4)
FNDA:3,(anonymous_5)
FNDA:2,(anonymous_6)
FNDA:3,(anonymous_7)
DA:13,2
DA:21,49
DA:29,49
DA:30,49
DA:32,49
DA:33,49
DA:35,49
DA:37,10
DA:46,49
DA:47,22
DA:48,11
DA:52,49
DA:54,23
DA:55,13
DA:57,13
DA:61,49
DA:62,3
DA:64,2
DA:65,2
DA:66,2
DA:67,2
DA:71,1
DA:72,1
DA:74,0
DA:75,0
DA:80,3
DA:81,3
DA:82,3
DA:84,3
DA:92,3
DA:93,0
DA:94,0
DA:96,0
DA:97,0
DA:103,49
LF:35
LH:29
BRDA:47,0,0,11
BRDA:47,0,1,11
BRDA:54,1,0,10
BRDA:54,1,1,13
BRDA:65,2,0,2
BRDA:65,2,1,0
BRDA:65,3,0,2
BRDA:65,3,1,2
BRDA:81,4,0,3
BRDA:81,4,1,0
BRDA:92,5,0,0
BRDA:92,5,1,0
BRDA:120,6,0,3
BRDA:120,6,1,46
BRDA:122,7,0,49
BRDA:122,7,1,3
BRDA:137,8,0,3
BRDA:137,8,1,46
BRDA:139,9,0,49
BRDA:139,9,1,3
BRDA:146,10,0,6
BRDA:146,10,1,43
BRF:22
BRH:18
end_of_record
TN:
SF:components/Booking/ButtonChangePage.tsx
FN:11,(anonymous_0)
FNF:1
FNH:1
FNDA:150,(anonymous_0)
DA:11,5
DA:12,150
LF:2
LH:2
BRF:0
BRH:0
end_of_record
TN:
SF:components/Booking/ButtonPage.tsx
FN:12,(anonymous_0)
FN:13,renderPageNumbers
FN:42,(anonymous_2)
FNF:3
FNH:3
FNDA:75,(anonymous_0)
FNDA:384,renderPageNumbers
FNDA:384,(anonymous_2)
DA:12,5
DA:14,384
DA:15,291
DA:40,75
DA:42,384
LF:5
LH:5
BRDA:14,0,0,291
BRDA:14,0,1,93
BRDA:14,1,0,384
BRDA:14,1,1,315
BRF:4
BRH:4
end_of_record
TN:
SF:components/Booking/ButtonState.tsx
FN:12,(anonymous_0)
FNF:1
FNH:1
FNDA:252,(anonymous_0)
DA:12,2
DA:13,252
LF:2
LH:2
BRF:0
BRH:0
end_of_record
TN:
SF:components/Booking/CardBooking.tsx
FN:20,(anonymous_0)
FNF:1
FNH:1
FNDA:210,(anonymous_0)
DA:9,2
DA:20,2
DA:21,210
DA:82,2
LF:4
LH:4
BRF:0
BRH:0
end_of_record
TN:
SF:components/Detail/DetailRingkasan.tsx
FN:26,(anonymous_0)
FN:77,(anonymous_1)
FN:94,(anonymous_2)
FNF:3
FNH:3
FNDA:26,(anonymous_0)
FNDA:104,(anonymous_1)
FNDA:78,(anonymous_2)
DA:20,3
DA:26,3
DA:27,26
DA:40,26
DA:54,26
DA:78,104
DA:95,78
LF:7
LH:7
BRDA:99,0,0,78
BRDA:99,0,1,26
BRF:2
BRH:2
end_of_record
TN:
SF:components/Detail/DetailTable.tsx
FN:24,(anonymous_0)
FN:30,(anonymous_1)
FN:58,(anonymous_2)
FN:96,(anonymous_3)
FN:125,(anonymous_4)
FN:155,(anonymous_5)
FNF:6
FNH:6
FNDA:52,(anonymous_0)
FNDA:26,(anonymous_1)
FNDA:130,(anonymous_2)
FNDA:26,(anonymous_3)
FNDA:52,(anonymous_4)
FNDA:52,(anonymous_5)
DA:24,3
DA:25,52
DA:30,3
DA:31,26
DA:49,26
DA:59,130
DA:89,3
DA:96,3
DA:97,26
DA:126,52
DA:155,3
DA:158,52
DA:176,3
DA:177,3
DA:178,3
LF:15
LH:15
BRDA:63,0,0,130
BRDA:63,0,1,26
BRDA:69,1,0,130
BRDA:69,1,1,26
BRDA:69,1,2,0
BRDA:72,2,0,130
BRDA:72,2,1,26
BRDA:72,2,2,26
BRDA:72,2,3,0
BRDA:75,3,0,130
BRDA:75,3,1,26
BRDA:75,3,2,0
BRDA:120,4,0,0
BRDA:120,4,1,26
BRDA:130,5,0,52
BRDA:130,5,1,0
BRF:16
BRH:11
end_of_record
TN:
SF:components/Detail/StatusMap.ts
FNF:0
FNH:0
DA:1,3
LF:1
LH:1
BRF:0
BRH:0
end_of_record
TN:
SF:components/Detail/ConfirmModal/Batal.tsx
FN:6,(anonymous_0)
FN:18,(anonymous_1)
FN:33,(anonymous_2)
FNF:3
FNH:3
FNDA:4,(anonymous_0)
FNDA:1,(anonymous_1)
FNDA:1,(anonymous_2)
DA:6,3
DA:10,4
DA:18,1
DA:33,1
LF:4
LH:4
BRF:0
BRH:0
end_of_record
TN:
SF:components/Detail/ConfirmModal/Terima.tsx
FN:6,(anonymous_0)
FN:18,(anonymous_1)
FN:33,(anonymous_2)
FNF:3
FNH:3
FNDA:5,(anonymous_0)
FNDA:1,(anonymous_1)
FNDA:1,(anonymous_2)
DA:6,3
DA:10,5
DA:18,1
DA:33,1
LF:4
LH:4
BRF:0
BRH:0
end_of_record
TN:
SF:components/Detail/ConfirmModal/index.tsx
FN:14,(anonymous_0)
FN:23,(anonymous_1)
FNF:2
FNH:2
FNDA:34,(anonymous_0)
FNDA:1,(anonymous_1)
DA:14,3
DA:20,34
DA:23,1
LF:3
LH:3
BRDA:30,0,0,34
BRDA:30,0,1,10
BRDA:33,1,0,34
BRDA:33,1,1,8
BRF:4
BRH:4
end_of_record
TN:
SF:components/Detail/ConfirmModal/types.ts
FNF:0
FNH:0
LF:0
LH:0
BRF:0
BRH:0
end_of_record
TN:
SF:components/Item/CardItem.tsx
FN:20,(anonymous_0)
FN:31,(anonymous_1)
FN:36,(anonymous_2)
FNF:3
FNH:2
FNDA:198,(anonymous_0)
FNDA:0,(anonymous_1)
FNDA:3,(anonymous_2)
DA:15,3
DA:20,3
DA:21,198
DA:37,3
DA:38,3
DA:51,3
LF:6
LH:6
BRF:0
BRH:0
end_of_record
TN:
SF:components/Item/DeleteItemModal.tsx
FN:11,(anonymous_0)
FN:19,(anonymous_1)
FN:46,(anonymous_2)
FNF:3
FNH:3
FNDA:40,(anonymous_0)
FNDA:1,(anonymous_1)
FNDA:1,(anonymous_2)
DA:11,3
DA:16,40
DA:19,1
DA:46,1
LF:4
LH:4
BRF:0
BRH:0
end_of_record
TN:
SF:components/TransactionHistory/Detail/customerInformationCard.tsx
FN:21,(anonymous_0)
FN:51,(anonymous_1)
FNF:2
FNH:2
FNDA:1,(anonymous_0)
FNDA:1,(anonymous_1)
DA:15,1
DA:21,1
DA:30,1
DA:36,1
DA:51,1
DA:52,1
LF:6
LH:6
BRDA:21,0,0,1
BRDA:21,0,1,0
BRF:2
BRH:1
end_of_record
TN:
SF:components/TransactionInformation/BalanceCard.tsx
FN:19,formatDate
FN:42,formatBalance
FN:46,inspectWithdrawalAbility
FN:53,getButtonType
FN:59,(anonymous_4)
FNF:5
FNH:5
FNDA:2,formatDate
FNDA:2,formatBalance
FNDA:2,inspectWithdrawalAbility
FNDA:2,getButtonType
FNDA:2,(anonymous_4)
DA:12,1
DA:20,2
DA:21,2
DA:43,2
DA:47,2
DA:49,1
DA:54,2
DA:55,1
DA:56,1
DA:59,1
DA:60,2
LF:11
LH:11
BRDA:47,0,0,1
BRDA:47,0,1,1
BRDA:54,1,0,1
BRDA:54,1,1,1
BRF:4
BRH:4
end_of_record
TN:
SF:components/TransactionInformation/CustomerBookingHistoryCard.tsx
FNF:0
FNH:0
LF:0
LH:0
BRF:0
BRH:0
end_of_record
TN:
SF:components/Utils/Button.tsx
FN:17,(anonymous_0)
FNF:1
FNH:1
FNDA:653,(anonymous_0)
DA:17,9
DA:24,653
LF:2
LH:2
BRDA:19,0,0,210
BRDA:20,1,0,610
BRDA:36,2,0,653
BRDA:36,2,1,452
BRDA:42,3,0,653
BRDA:42,3,1,198
BRDA:48,4,0,653
BRDA:48,4,1,1
BRDA:56,5,0,653
BRDA:56,5,1,1
BRDA:68,6,0,653
BRDA:68,6,1,1
BRF:12
BRH:12
end_of_record
TN:
SF:components/Utils/Layout.tsx
FN:7,(anonymous_0)
FNF:1
FNH:1
FNDA:131,(anonymous_0)
DA:7,11
DA:8,131
DA:16,11
LF:3
LH:3
BRF:0
BRH:0
end_of_record
TN:
SF:components/Utils/HOC/WithAuth.tsx
FN:7,(anonymous_0)
FN:10,(anonymous_1)
FN:14,(anonymous_2)
FNF:3
FNH:3
FNDA:9,(anonymous_0)
FNDA:19,(anonymous_1)
FNDA:1,(anonymous_2)
DA:6,9
DA:7,9
DA:10,9
DA:11,19
DA:14,9
DA:15,1
DA:16,1
DA:18,1
DA:20,1
DA:24,1
DA:25,1
DA:26,0
DA:29,0
DA:31,1
DA:35,1
DA:36,0
DA:37,0
DA:40,1
DA:43,9
LF:19
LH:15
BRDA:24,0,0,1
BRDA:24,0,1,0
BRDA:25,1,0,0
BRDA:25,1,1,1
BRDA:35,2,0,0
BRDA:35,2,1,1
BRF:6
BRH:3
end_of_record
TN:
SF:components/Utils/HOC/WithoutAuth.tsx
FN:6,(anonymous_0)
FN:7,(anonymous_1)
FN:14,(anonymous_2)
FNF:3
FNH:3
FNDA:3,(anonymous_0)
FNDA:2,(anonymous_1)
FNDA:1,(anonymous_2)
DA:6,2
DA:7,3
DA:8,2
DA:9,0
DA:11,2
DA:14,3
DA:15,1
DA:17,1
DA:18,0
DA:21,1
DA:22,0
DA:23,0
DA:26,1
DA:29,3
LF:14
LH:10
BRDA:8,0,0,0
BRDA:8,0,1,2
BRDA:17,1,0,0
BRDA:17,1,1,1
BRDA:21,2,0,0
BRDA:21,2,1,1
BRF:6
BRH:3
end_of_record
TN:
SF:components/Utils/Navbar/Navbar.tsx
FN:16,(anonymous_0)
FN:37,(anonymous_1)
FN:44,(anonymous_2)
FNF:3
FNH:3
FNDA:131,(anonymous_0)
FNDA:393,(anonymous_1)
FNDA:1,(anonymous_2)
DA:16,11
DA:17,131
DA:19,131
DA:38,393
DA:45,1
DA:46,1
LF:6
LH:6
BRF:0
BRH:0
end_of_record
TN:
SF:components/Utils/Navbar/index.ts
FNF:0
FNH:0
LF:0
LH:0
BRF:0
BRH:0
end_of_record
TN:
SF:firebase/config.ts
FNF:0
FNH:0
DA:1,2
LF:1
LH:1
BRF:0
BRH:0
end_of_record
TN:
SF:firebase/index.tsx
FNF:0
FNH:0
DA:8,2
DA:9,2
LF:2
LH:2
BRF:0
BRH:0
end_of_record
TN:
SF:pages/index.tsx
FN:12,(anonymous_0)
FNF:1
FNH:1
FNDA:2,(anonymous_0)
DA:8,1
DA:12,1
DA:13,2
LF:3
LH:3
BRF:0
BRH:0
end_of_record
TN:
SF:pages/auth/index.tsx
FN:6,(anonymous_0)
FNF:1
FNH:1
FNDA:2,(anonymous_0)
DA:6,1
DA:7,2
LF:2
LH:2
BRF:0
BRH:0
end_of_record
TN:
SF:pages/booking/index.tsx
FN:23,(anonymous_0)
FN:44,(anonymous_1)
FN:48,(anonymous_2)
FN:54,(anonymous_3)
FN:67,(anonymous_4)
FN:71,(anonymous_5)
FN:73,(anonymous_6)
FN:82,(anonymous_7)
FN:84,(anonymous_8)
FN:118,(anonymous_9)
FN:136,(anonymous_10)
FN:154,(anonymous_11)
FN:172,(anonymous_12)
FN:190,(anonymous_13)
FN:208,(anonymous_14)
FN:229,(anonymous_15)
FNF:16
FNH:15
FNDA:47,(anonymous_0)
FNDA:16,(anonymous_1)
FNDA:0,(anonymous_2)
FNDA:20,(anonymous_3)
FNDA:1,(anonymous_4)
FNDA:2,(anonymous_5)
FNDA:2,(anonymous_6)
FNDA:6,(anonymous_7)
FNDA:6,(anonymous_8)
FNDA:1,(anonymous_9)
FNDA:1,(anonymous_10)
FNDA:1,(anonymous_11)
FNDA:1,(anonymous_12)
FNDA:1,(anonymous_13)
FNDA:1,(anonymous_14)
FNDA:210,(anonymous_15)
DA:23,2
DA:24,47
DA:25,47
DA:27,47
DA:28,47
DA:29,47
DA:30,47
DA:31,47
DA:32,47
DA:34,47
DA:35,47
DA:37,47
DA:45,16
DA:46,16
DA:49,0
DA:54,47
DA:55,20
DA:58,47
DA:67,47
DA:68,1
DA:71,47
DA:72,2
DA:73,2
DA:76,2
DA:77,1
DA:78,1
DA:82,47
DA:83,6
DA:84,6
DA:85,6
DA:89,6
DA:90,1
DA:91,1
DA:95,47
DA:96,47
DA:97,252
DA:100,47
DA:119,1
DA:127,1
DA:128,1
DA:137,1
DA:145,1
DA:146,1
DA:155,1
DA:163,1
DA:164,1
DA:173,1
DA:181,1
DA:182,1
DA:191,1
DA:199,1
DA:200,1
DA:209,1
DA:217,1
DA:218,1
DA:230,210
LF:56
LH:55
BRDA:25,0,0,0
BRDA:25,0,1,47
BRDA:72,1,0,2
BRDA:72,1,1,0
BRDA:76,2,0,1
BRDA:76,2,1,1
BRDA:76,3,0,2
BRDA:76,3,1,1
BRDA:83,4,0,6
BRDA:83,4,1,0
BRDA:89,5,0,1
BRDA:89,5,1,5
BRDA:89,6,0,6
BRDA:89,6,1,1
BRDA:113,7,0,47
BRDA:113,7,1,0
BRDA:114,8,0,47
BRDA:114,8,1,42
BRDA:228,9,0,42
BRDA:228,9,1,0
BRF:20
BRH:15
end_of_record
TN:
SF:pages/booking/[id]/index.tsx
FN:20,(anonymous_0)
FN:37,(anonymous_1)
FN:41,(anonymous_2)
FN:50,(anonymous_3)
FN:57,(anonymous_4)
FN:65,(anonymous_5)
FN:107,(anonymous_6)
FN:162,(anonymous_7)
FN:180,(anonymous_8)
FNF:9
FNH:7
FNDA:34,(anonymous_0)
FNDA:10,(anonymous_1)
FNDA:0,(anonymous_2)
FNDA:2,(anonymous_3)
FNDA:2,(anonymous_4)
FNDA:0,(anonymous_5)
FNDA:1,(anonymous_6)
FNDA:3,(anonymous_7)
FNDA:2,(anonymous_8)
DA:20,3
DA:21,34
DA:22,34
DA:23,34
DA:24,34
DA:26,34
DA:27,34
DA:28,34
DA:30,34
DA:32,34
DA:34,34
DA:39,10
DA:43,0
DA:48,34
DA:50,34
DA:51,2
DA:58,2
DA:59,2
DA:60,2
DA:63,2
DA:67,0
DA:75,34
DA:107,1
DA:163,3
DA:164,3
DA:181,2
DA:182,2
LF:27
LH:25
BRDA:22,0,0,0
BRDA:22,0,1,34
BRDA:54,1,0,1
BRDA:54,1,1,1
BRDA:58,2,0,1
BRDA:58,2,1,1
BRDA:61,3,0,1
BRDA:61,3,1,1
BRDA:96,4,0,34
BRDA:96,4,1,8
BRDA:100,5,0,34
BRDA:100,5,1,0
BRDA:102,6,0,34
BRDA:102,6,1,26
BRDA:159,7,0,26
BRDA:159,7,1,20
BRF:16
BRH:14
end_of_record
TN:
SF:pages/profil/item.tsx
FN:13,(anonymous_0)
FN:31,(anonymous_1)
FN:41,(anonymous_2)
FN:49,(anonymous_3)
FN:53,(anonymous_4)
FN:59,(anonymous_5)
FN:64,(anonymous_6)
FN:74,(anonymous_7)
FN:78,(anonymous_8)
FN:80,(anonymous_9)
FN:89,(anonymous_10)
FN:91,(anonymous_11)
FN:123,(anonymous_12)
FNF:13
FNH:11
FNDA:40,(anonymous_0)
FNDA:13,(anonymous_1)
FNDA:0,(anonymous_2)
FNDA:14,(anonymous_3)
FNDA:1,(anonymous_4)
FNDA:1,(anonymous_5)
FNDA:0,(anonymous_6)
FNDA:1,(anonymous_7)
FNDA:2,(anonymous_8)
FNDA:2,(anonymous_9)
FNDA:4,(anonymous_10)
FNDA:4,(anonymous_11)
FNDA:198,(anonymous_12)
DA:13,3
DA:14,40
DA:15,40
DA:16,40
DA:17,40
DA:18,40
DA:19,40
DA:20,40
DA:22,40
DA:23,40
DA:25,40
DA:33,13
DA:34,7
DA:35,7
DA:36,28
DA:38,7
DA:42,0
DA:47,40
DA:49,40
DA:50,14
DA:53,40
DA:54,1
DA:60,1
DA:61,1
DA:62,1
DA:66,0
DA:74,40
DA:75,1
DA:78,40
DA:79,2
DA:80,2
DA:83,2
DA:84,1
DA:85,1
DA:89,40
DA:90,4
DA:91,4
DA:94,4
DA:98,1
DA:99,1
DA:103,40
DA:124,198
LF:42
LH:40
BRDA:33,0,0,7
BRDA:33,0,1,6
BRDA:79,1,0,2
BRDA:79,1,1,0
BRDA:83,2,0,1
BRDA:83,2,1,1
BRDA:83,3,0,2
BRDA:83,3,1,1
BRDA:90,4,0,4
BRDA:90,4,1,0
BRDA:94,5,0,1
BRDA:94,5,1,3
BRDA:95,6,0,4
BRDA:95,6,1,1
BRDA:117,7,0,40
BRDA:117,7,1,7
BRDA:120,8,0,40
BRDA:120,8,1,33
BRF:18
BRH:16
end_of_record
TN:
SF:pages/transaction-history/[id]/index.tsx
FN:16,(anonymous_0)
FN:26,(anonymous_1)
FN:29,(anonymous_2)
FN:53,(anonymous_3)
FN:100,(anonymous_4)
FNF:5
FNH:3
FNDA:2,(anonymous_0)
FNDA:1,(anonymous_1)
FNDA:0,(anonymous_2)
FNDA:0,(anonymous_3)
FNDA:7,(anonymous_4)
DA:16,1
DA:18,2
DA:19,2
DA:20,2
DA:21,2
DA:23,2
DA:27,1
DA:31,0
DA:37,2
DA:38,2
DA:40,2
DA:53,0
DA:101,7
LF:13
LH:11
BRDA:19,0,0,0
BRDA:19,0,1,2
BRDA:62,1,0,2
BRDA:62,1,1,1
BRDA:68,2,0,2
BRDA:68,2,1,1
BRDA:98,3,0,0
BRDA:98,3,1,1
BRDA:112,4,0,0
BRDA:112,4,1,1
BRF:10
BRH:7
end_of_record
TN:
SF:pages/transaction-information/index.tsx
FN:13,(anonymous_0)
FN:19,(anonymous_1)
FN:20,(anonymous_2)
FNF:3
FNH:2
FNDA:6,(anonymous_0)
FNDA:2,(anonymous_1)
FNDA:0,(anonymous_2)
DA:13,1
DA:14,6
DA:15,6
DA:17,6
DA:21,0
DA:26,6
LF:6
LH:5
BRDA:15,0,0,0
BRDA:15,0,1,6
BRDA:50,1,0,6
BRDA:50,1,1,2
BRF:4
BRH:3
end_of_record
